<?xml version="1.0" encoding="UTF-8"?>
<testng-results skipped="0" failed="0" ignored="0" total="1" passed="1">
  <reporter-output>
  </reporter-output>
  <suite name="Default suite" duration-ms="161697" started-at="2020-08-04T12:31:58Z" finished-at="2020-08-04T12:34:40Z">
    <groups>
    </groups>
    <test name="Default test" duration-ms="161697" started-at="2020-08-04T12:31:58Z" finished-at="2020-08-04T12:34:40Z">
      <class name="revampTestCase.SS_CartPage_Public_Verify_Footer_DownLoadApp_Followus">
        <test-method status="PASS" signature="setSnapShotFolder()[pri:0, instance:revampTestCase.SS_CartPage_Public_Verify_Footer_DownLoadApp_Followus@3e6fa38a]" name="setSnapShotFolder" is-config="true" duration-ms="114" started-at="2020-08-04T18:01:58Z" finished-at="2020-08-04T18:01:58Z">
          <reporter-output>
          </reporter-output>
        </test-method> <!-- setSnapShotFolder -->
        <test-method status="PASS" signature="BeforeMethod()[pri:0, instance:revampTestCase.SS_CartPage_Public_Verify_Footer_DownLoadApp_Followus@3e6fa38a]" name="BeforeMethod" is-config="true" duration-ms="23677" started-at="2020-08-04T18:01:59Z" finished-at="2020-08-04T18:02:23Z">
          <reporter-output>
          </reporter-output>
        </test-method> <!-- BeforeMethod -->
        <test-method status="PASS" signature="main()[pri:0, instance:revampTestCase.SS_CartPage_Public_Verify_Footer_DownLoadApp_Followus@3e6fa38a]" name="main" duration-ms="132536" started-at="2020-08-04T18:02:23Z" finished-at="2020-08-04T18:04:35Z">
          <reporter-output>
          </reporter-output>
        </test-method> <!-- main -->
        <test-method status="PASS" signature="afterMethod()[pri:0, instance:revampTestCase.SS_CartPage_Public_Verify_Footer_DownLoadApp_Followus@3e6fa38a]" name="afterMethod" is-config="true" duration-ms="4853" started-at="2020-08-04T18:04:35Z" finished-at="2020-08-04T18:04:40Z">
          <reporter-output>
          </reporter-output>
        </test-method> <!-- afterMethod -->
      </class> <!-- revampTestCase.SS_CartPage_Public_Verify_Footer_DownLoadApp_Followus -->
    </test> <!-- Default test -->
  </suite> <!-- Default suite -->
</testng-results>
