<?xml version="1.0" encoding="UTF-8"?>
<!-- Generated by org.testng.reporters.JUnitXMLReporter -->
<testsuite hostname="TO-2Y9GQ12-D" ignored="0" name="test" tests="1" failures="1" timestamp="20 Nov 2019 07:41:21 GMT" time="15.036" errors="0">
  <testcase name="executSession1" time="15.009" classname="revampTestCase.ParallelExecutionCode">
    <failure type="java.lang.NullPointerException">
      <![CDATA[java.lang.NullPointerException
	at pageObjects.Home_Page.LoginRegister(Home_Page.java:27)
	at revampTestCase.Parallel_execution.executSession(Parallel_execution.java:56)
	at revampTestCase.ParallelExecutionCode.executSession1(ParallelExecutionCode.java:7)
	at java.util.concurrent.ThreadPoolExecutor.runWorker(Unknown Source)
	at java.util.concurrent.ThreadPoolExecutor$Worker.run(Unknown Source)
	at java.lang.Thread.run(Unknown Source)
... Removed 10 stack frames]]>
    </failure>
  </testcase> <!-- executSession1 -->
</testsuite> <!-- test -->
